2026-04-15 20:09:39, MOVE, v:1, k:ed@triangulo, mode:DOWN
2026-04-15 20:07:39, MOVE, v:1, k:ed@triangulo, mode:PICK
2026-04-15 20:09:36, EXEC, v:1, k:ed@triangulo, mode:FULL, rate:0, size:48
2026-04-15 20:09:39, MOVE, v:1, k:ed@triangulo, mode:EDIT
2026-04-15 20:09:39, MOVE, v:1, k:ed@triangulo, mode:EDIT
2026-04-15 20:10:29, MOVE, v:1, k:ed@triangulo, mode:EDIT
2026-04-15 20:19:48, MOVE, v:1, k:ed@triangulo, mode:EDIT
2026-04-15 20:22:44, MOVE, v:1, k:ed@triangulo, mode:EDIT
2026-04-15 20:25:29, EXEC, v:1, k:ed@triangulo, mode:FULL, rate:0, size:67
2026-04-15 20:25:27, MOVE, v:1, k:ed@triangulo, mode:EDIT
2026-04-15 20:31:35, EXEC, v:1, k:ed@triangulo, mode:FULL, rate:0, size:62
2026-04-15 20:31:58, EXEC, v:1, k:ed@triangulo, mode:FULL, rate:0, size:63
2026-04-15 20:32:24, EXEC, v:1, k:ed@triangulo, mode:FULL, rate:0, size:64
2026-04-15 20:32:47, EXEC, v:1, k:ed@triangulo, mode:FULL, rate:0, size:64
2026-04-15 20:32:45, MOVE, v:1, k:ed@triangulo, mode:EDIT
2026-04-15 20:33:12, EXEC, v:1, k:ed@triangulo, mode:FULL, rate:100, size:65
2026-04-15 20:33:22, MOVE, v:1, k:ed@triangulo, mode:BACK
2026-04-15 20:34:07, SELF, v:1, k:ed@triangulo, self:1, rate:100, study:30, refactor:1
2026-04-15 20:36:14, MOVE, v:1, k:ed@treinando, mode:DOWN
2026-04-15 20:36:17, MOVE, v:1, k:ed@treinando, mode:PICK
2026-04-15 20:33:06, MOVE, v:1, k:ed@triangulo, mode:EDIT
2026-04-15 20:36:14, MOVE, v:1, k:ed@treinando, mode:EDIT
2026-04-15 20:36:14, MOVE, v:1, k:ed@treinando, mode:EDIT
2026-04-15 20:37:28, MOVE, v:1, k:ed@treinando, mode:EDIT
2026-04-15 20:38:22, EXEC, v:1, k:ed@treinando, mode:FULL, rate:0, size:85
2026-04-15 20:40:34, EXEC, v:1, k:ed@treinando, mode:FULL, rate:0, size:88
2026-04-15 20:40:55, EXEC, v:1, k:ed@treinando, mode:FULL, rate:0, size:88
2026-04-15 20:41:22, EXEC, v:1, k:ed@treinando, mode:FULL, rate:0, size:88
2026-04-15 20:41:53, EXEC, v:1, k:ed@treinando, mode:FULL, rate:0, size:88
2026-04-15 20:42:04, EXEC, v:1, k:ed@treinando, mode:FULL, rate:0, size:88
2026-04-15 20:42:56, MOVE, v:1, k:ed@treinando, mode:EDIT
2026-04-15 20:47:32, EXEC, v:1, k:ed@treinando, mode:FULL, rate:0, size:93
2026-04-15 20:47:24, MOVE, v:1, k:ed@treinando, mode:EDIT
2026-04-15 20:55:46, MOVE, v:1, k:ed@treinando, mode:EDIT
2026-04-15 20:59:14, EXEC, v:1, k:ed@treinando, mode:FULL, rate:0, size:100
2026-04-15 20:59:48, MOVE, v:1, k:ed@treinando, mode:EDIT
2026-04-15 21:00:54, EXEC, v:1, k:ed@treinando, mode:FULL, rate:0, size:99
2026-04-15 21:01:44, EXEC, v:1, k:ed@treinando, mode:FULL, rate:0, size:99
2026-04-15 21:02:34, EXEC, v:1, k:ed@treinando, mode:FULL, rate:0
2026-04-15 21:03:36, EXEC, v:1, k:ed@treinando, mode:FULL, rate:0, size:99
2026-04-15 21:04:17, EXEC, v:1, k:ed@treinando, mode:FULL, rate:0, size:99
2026-04-15 21:04:32, EXEC, v:1, k:ed@treinando, mode:FULL, rate:16, size:99
2026-04-15 21:04:51, EXEC, v:1, k:ed@treinando, mode:FULL, rate:0, size:99
2026-04-15 21:05:13, EXEC, v:1, k:ed@treinando, mode:FULL, rate:16, size:99
2026-04-15 21:06:15, MOVE, v:1, k:ed@treinando, mode:BACK
2026-04-15 21:06:36, MOVE, v:1, k:ed@treinando, mode:PICK
2026-04-15 21:06:37, EXEC, v:1, k:ed@treinando, mode:FULL, rate:16, size:100
2026-04-15 21:06:54, MOVE, v:1, k:ed@treinando, mode:EDIT
2026-04-15 21:08:17, MOVE, v:1, k:ed@treinando, mode:EDIT
2026-04-15 21:14:32, MOVE, v:1, k:ed@treinando, mode:EDIT
2026-04-15 21:21:12, MOVE, v:1, k:ed@treinando, mode:EDIT
2026-04-15 21:22:13, EXEC, v:1, k:ed@treinando, mode:FULL, rate:16, size:110
2026-04-15 21:23:22, EXEC, v:1, k:ed@treinando, mode:FULL, rate:16, size:110
2026-04-15 21:26:38, MOVE, v:1, k:ed@treinando, mode:EDIT
2026-04-15 21:27:42, EXEC, v:1, k:ed@treinando, mode:FULL, rate:16, size:109
2026-04-15 21:28:13, EXEC, v:1, k:ed@treinando, mode:FULL, rate:16, size:109
2026-04-15 21:28:58, EXEC, v:1, k:ed@treinando, mode:FULL, rate:16, size:109
2026-04-15 21:29:29, EXEC, v:1, k:ed@treinando, mode:FULL, rate:16, size:109
2026-04-15 21:29:31, EXEC, v:1, k:ed@treinando, mode:FULL, rate:16
2026-04-15 21:29:32, EXEC, v:1, k:ed@treinando, mode:FULL, rate:16
2026-04-15 21:30:12, EXEC, v:1, k:ed@treinando, mode:FULL, rate:33, size:109
2026-04-15 21:31:28, EXEC, v:1, k:ed@treinando, mode:FULL, rate:50, size:119
2026-04-15 21:31:26, MOVE, v:1, k:ed@treinando, mode:EDIT
2026-04-15 21:33:38, MOVE, v:1, k:ed@treinando, mode:BACK
2026-04-15 21:33:44, MOVE, v:1, k:ed@treinando, mode:PICK
2026-04-15 21:35:48, EXEC, v:1, k:ed@treinando, mode:FULL, size:122, fail:COMP
2026-04-15 21:33:59, EXEC, v:1, k:ed@treinando, mode:FULL, rate:50, size:119
2026-04-15 21:36:52, MOVE, v:1, k:ed@treinando, mode:EDIT
2026-04-15 21:39:18, MOVE, v:1, k:ed@treinando, mode:EDIT
2026-04-15 21:46:37, EXEC, v:1, k:ed@treinando, mode:FULL, rate:50, size:123
2026-04-15 21:47:04, EXEC, v:1, k:ed@treinando, mode:FULL, rate:50, size:123
2026-04-15 21:47:18, EXEC, v:1, k:ed@treinando, mode:FULL, rate:50, size:123
2026-04-15 21:48:48, EXEC, v:1, k:ed@treinando, mode:FULL, rate:50, size:124
2026-04-15 21:48:16, MOVE, v:1, k:ed@treinando, mode:EDIT
2026-04-15 21:49:58, EXEC, v:1, k:ed@treinando, mode:FULL, rate:66, size:124
2026-04-15 21:51:42, EXEC, v:1, k:ed@treinando, mode:FULL, rate:66, size:129
2026-04-15 21:51:55, EXEC, v:1, k:ed@treinando, mode:FULL, rate:66, size:129
2026-04-15 21:53:00, EXEC, v:1, k:ed@treinando, mode:FULL, rate:66, size:129
2026-04-15 21:53:26, EXEC, v:1, k:ed@treinando, mode:FULL, rate:66, size:129
2026-04-15 21:54:22, EXEC, v:1, k:ed@treinando, mode:FULL, rate:66, size:129
2026-04-15 21:56:15, MOVE, v:1, k:ed@treinando, mode:EDIT
2026-04-15 21:55:08, EXEC, v:1, k:ed@treinando, mode:FULL, rate:83, size:129
2026-04-15 21:56:45, MOVE, v:1, k:ed@treinando, mode:BACK
2026-04-15 21:58:51, MOVE, v:1, k:ed@treinando, mode:PICK
2026-04-15 21:56:50, EXEC, v:1, k:ed@treinando, mode:FULL, rate:83
2026-04-15 22:00:28, MOVE, v:1, k:ed@treinando, mode:EDIT
2026-04-15 22:16:07, EXEC, v:1, k:ed@treinando, mode:FULL, rate:100, size:138
2026-04-15 22:16:08, MOVE, v:1, k:ed@treinando, mode:BACK
2026-04-15 22:15:56, MOVE, v:1, k:ed@treinando, mode:EDIT
2026-04-15 22:16:40, SELF, v:1, k:ed@treinando, self:1, rate:100, study:90, concept:1, problem:1, refactor:1
