2026-03-16 10:08:01, MOVE, v:1, k:ed@pedra, mode:DOWN
2026-03-16 10:08:08, MOVE, v:1, k:ed@pedra, mode:PICK
2026-03-16 10:16:35, EXEC, v:1, k:ed@pedra, mode:FULL, rate:0, size:16
2026-03-16 10:17:15, EXEC, v:1, k:ed@pedra, mode:FULL, rate:0, size:17
2026-03-16 10:21:47, EXEC, v:1, k:ed@pedra, mode:FULL, rate:0, size:22
2026-03-16 10:44:24, EXEC, v:1, k:ed@pedra, mode:FULL, rate:0, size:32
2026-03-16 10:45:21, EXEC, v:1, k:ed@pedra, mode:FULL, rate:0, size:36
2026-03-16 10:45:45, EXEC, v:1, k:ed@pedra, mode:FULL, rate:0, size:37
2026-03-16 10:49:00, EXEC, v:1, k:ed@pedra, mode:FULL, rate:0, size:39
2026-03-16 10:50:51, EXEC, v:1, k:ed@pedra, mode:FULL, rate:0, size:33
2026-03-16 10:55:02, EXEC, v:1, k:ed@pedra, mode:FULL, rate:0, size:38
2026-03-16 10:55:55, EXEC, v:1, k:ed@pedra, mode:FULL, rate:0, size:40
2026-03-16 10:56:12, EXEC, v:1, k:ed@pedra, mode:FULL, rate:0, size:40
2026-03-16 10:57:06, EXEC, v:1, k:ed@pedra, mode:FULL, rate:0, size:41
2026-03-16 10:57:19, EXEC, v:1, k:ed@pedra, mode:FULL, rate:75, size:41
2026-03-16 10:57:59, EXEC, v:1, k:ed@pedra, mode:FULL, rate:0, size:41
2026-03-16 10:58:30, EXEC, v:1, k:ed@pedra, mode:FULL, rate:75, size:41
2026-03-16 10:59:05, EXEC, v:1, k:ed@pedra, mode:FULL, rate:75, size:44
2026-03-16 11:00:15, EXEC, v:1, k:ed@pedra, mode:FULL, rate:75, size:45
2026-03-16 11:01:28, EXEC, v:1, k:ed@pedra, mode:FULL, rate:75, size:48
2026-03-16 11:02:21, EXEC, v:1, k:ed@pedra, mode:FULL, rate:100, size:48
2026-03-16 11:02:47, MOVE, v:1, k:ed@pedra, mode:BACK
2026-03-16 11:03:10, SELF, v:1, k:ed@pedra, self:1, rate:100, study:40, friend:No, concept:1, problem:1
2026-03-16 11:04:21, MOVE, v:1, k:ed@baruel, mode:DOWN
2026-03-16 11:04:23, MOVE, v:1, k:ed@baruel, mode:PICK
2026-03-16 11:04:45, EXEC, v:1, k:ed@baruel, mode:FULL, rate:0, size:5
2026-03-16 11:06:12, MOVE, v:1, k:ed@baruel, mode:BACK
2026-03-16 11:05:02, MOVE, v:1, k:ed@baruel, mode:PICK
2026-03-16 11:05:09, EXEC, v:1, k:ed@baruel, mode:FREE
2026-03-16 11:06:03, MOVE, v:1, k:ed@baruel, mode:BACK
2026-03-16 11:06:13, MOVE, v:1, k:ed@baruel, mode:PICK
2026-03-16 11:06:30, MOVE, v:1, k:ed@baruel, mode:BACK
2026-03-16 11:06:39, MOVE, v:1, k:ed@baruel, mode:PICK
2026-03-16 11:06:45, EXEC, v:1, k:ed@baruel, mode:FULL, rate:0
2026-03-16 11:06:53, MOVE, v:1, k:ed@baruel, mode:BACK
2026-03-16 11:07:26, MOVE, v:1, k:ed@gomos, mode:DOWN
2026-03-16 11:07:33, MOVE, v:1, k:ed@gomos, mode:PICK
2026-03-16 11:08:01, MOVE, v:1, k:ed@gomos, mode:BACK
