2026-03-30 10:05:43, MOVE, v:1, k:ed@princesa, mode:DOWN
2026-03-30 10:04:22, MOVE, v:1, k:ed@princesa, mode:PICK
2026-03-30 10:12:10, EXEC, v:1, k:ed@princesa, mode:FREE, size:13
2026-03-30 10:12:21, EXEC, v:1, k:ed@princesa, mode:FULL, rate:0
2026-03-30 10:11:04, EXEC, v:1, k:ed@princesa, mode:FULL, rate:0, size:13
2026-03-30 10:11:26, EXEC, v:1, k:ed@princesa, mode:FULL, rate:0, size:13
2026-03-30 10:11:56, EXEC, v:1, k:ed@princesa, mode:FULL, rate:0, size:13
2026-03-30 10:12:47, EXEC, v:1, k:ed@princesa, mode:FULL, rate:0, size:14
2026-03-30 10:14:45, EXEC, v:1, k:ed@princesa, mode:FULL, rate:0, size:10
2026-03-30 10:15:02, EXEC, v:1, k:ed@princesa, mode:FULL, rate:0, size:11
2026-03-30 10:15:10, EXEC, v:1, k:ed@princesa, mode:FULL, rate:0, size:11
2026-03-30 10:15:28, EXEC, v:1, k:ed@princesa, mode:FULL, rate:0, size:11
2026-03-30 10:16:12, EXEC, v:1, k:ed@princesa, mode:FULL, rate:0, size:12
2026-03-30 10:17:57, EXEC, v:1, k:ed@princesa, mode:FULL, rate:0, size:12
2026-03-30 10:16:54, EXEC, v:1, k:ed@princesa, mode:FULL, rate:0, size:12
2026-03-30 10:17:24, EXEC, v:1, k:ed@princesa, mode:FULL, rate:0, size:13
2026-03-30 10:17:42, EXEC, v:1, k:ed@princesa, mode:FULL, rate:0, size:13
2026-03-30 10:18:01, EXEC, v:1, k:ed@princesa, mode:FULL, rate:0, size:13
2026-03-30 10:19:30, EXEC, v:1, k:ed@princesa, mode:FULL, rate:0, size:13
2026-03-30 10:19:47, EXEC, v:1, k:ed@princesa, mode:FULL, rate:0, size:13
2026-03-30 10:20:43, EXEC, v:1, k:ed@princesa, mode:FULL, rate:0, size:13
2026-03-30 10:20:51, EXEC, v:1, k:ed@princesa, mode:FULL, rate:0, size:13
2026-03-30 10:22:40, EXEC, v:1, k:ed@princesa, mode:FULL, rate:0, size:17
2026-03-30 10:23:26, EXEC, v:1, k:ed@princesa, mode:FULL, rate:0, size:17
2026-03-30 10:23:45, EXEC, v:1, k:ed@princesa, mode:FULL, rate:0, size:17
2026-03-30 10:24:41, EXEC, v:1, k:ed@princesa, mode:FULL, rate:0, size:18
2026-03-30 10:24:49, EXEC, v:1, k:ed@princesa, mode:FULL, rate:0, size:18
2026-03-30 10:59:19, EXEC, v:1, k:ed@princesa, mode:FULL, rate:0, size:35
2026-03-30 10:59:39, EXEC, v:1, k:ed@princesa, mode:FULL, rate:0, size:36
2026-03-30 11:00:06, EXEC, v:1, k:ed@princesa, mode:FULL, rate:0, size:37
2026-03-30 11:00:44, EXEC, v:1, k:ed@princesa, mode:FULL, rate:0, size:37
2026-03-30 11:30:27, EXEC, v:1, k:ed@princesa, mode:FULL, rate:0, size:41
2026-03-30 11:32:19, EXEC, v:1, k:ed@princesa, mode:FULL, rate:0, size:41
2026-03-30 11:31:26, EXEC, v:1, k:ed@princesa, mode:FULL, rate:0, size:41
2026-03-30 11:33:08, EXEC, v:1, k:ed@princesa, mode:FULL, size:63, fail:COMP
2026-03-30 11:33:21, EXEC, v:1, k:ed@princesa, mode:FULL, size:63, fail:COMP
2026-03-30 11:34:15, EXEC, v:1, k:ed@princesa, mode:FULL, rate:0, size:44
2026-03-30 11:37:42, EXEC, v:1, k:ed@princesa, mode:FULL, rate:50, size:44
2026-03-30 11:41:16, EXEC, v:1, k:ed@princesa, mode:FULL, rate:100, size:44
2026-03-30 11:41:18, MOVE, v:1, k:ed@princesa, mode:BACK
2026-03-30 11:42:18, SELF, v:1, k:ed@princesa, self:1, rate:100, study:90, concept:1, problem:1
2026-03-30 22:33:26, MOVE, v:1, k:ed@manipulacao, mode:DOWN
2026-03-30 22:33:35, MOVE, v:1, k:ed@manipulacao, mode:PICK
2026-03-30 22:34:52, EXEC, v:1, k:ed@manipulacao, mode:FULL, rate:0, size:106
2026-03-30 22:46:45, EXEC, v:1, k:ed@manipulacao, mode:FULL, rate:0, size:113
2026-03-30 22:48:56, EXEC, v:1, k:ed@manipulacao, mode:FULL, rate:0, size:114
2026-03-30 22:49:18, MOVE, v:1, k:ed@manipulacao, mode:BACK
2026-03-30 22:53:28, MOVE, v:1, k:ed@manipulacao, mode:PICK
2026-03-30 22:53:32, EXEC, v:1, k:ed@manipulacao, mode:FULL, size:108, fail:COMP
2026-03-30 22:52:23, EXEC, v:1, k:ed@manipulacao, mode:FULL, rate:0, size:114
2026-03-30 22:55:04, EXEC, v:1, k:ed@manipulacao, mode:FULL, rate:0, size:111
2026-03-30 22:55:47, EXEC, v:1, k:ed@manipulacao, mode:FULL, rate:0, size:111
2026-03-30 22:56:25, EXEC, v:1, k:ed@manipulacao, mode:FULL, rate:0, size:111
2026-03-30 23:00:35, EXEC, v:1, k:ed@manipulacao, mode:FULL, rate:14, size:111
2026-03-30 23:06:04, EXEC, v:1, k:ed@manipulacao, mode:FULL, rate:14, size:116
2026-03-30 23:08:10, MOVE, v:1, k:ed@manipulacao, mode:BACK
