2026-04-13 15:50:01, MOVE, v:1, k:eval1@baruel, mode:DOWN
2026-04-13 15:50:05, MOVE, v:1, k:eval1@baruel, mode:PICK
2026-04-13 15:50:01, MOVE, v:1, k:eval1@baruel, mode:EDIT
2026-04-13 15:50:01, MOVE, v:1, k:eval1@baruel, mode:EDIT
2026-04-13 15:50:24, MOVE, v:1, k:eval1@baruel, mode:EDIT
2026-04-13 15:54:42, EXEC, v:1, k:eval1@baruel, mode:FULL, rate:0, size:15
2026-04-13 15:54:52, EXEC, v:1, k:eval1@baruel, mode:FULL, rate:0, size:15
2026-04-13 15:55:17, EXEC, v:1, k:eval1@baruel, mode:FULL, rate:0, size:15
2026-04-13 15:55:15, MOVE, v:1, k:eval1@baruel, mode:EDIT
2026-04-13 15:57:35, EXEC, v:1, k:eval1@baruel, mode:FULL, rate:0, size:15
2026-04-13 15:56:00, EXEC, v:1, k:eval1@baruel, mode:FULL, rate:0, size:15
2026-04-13 15:56:11, EXEC, v:1, k:eval1@baruel, mode:FULL, rate:0, size:15
2026-04-13 15:57:16, EXEC, v:1, k:eval1@baruel, mode:FULL, rate:0, size:16
2026-04-13 15:58:17, EXEC, v:1, k:eval1@baruel, mode:FULL, rate:0, size:18
2026-04-13 15:59:56, EXEC, v:1, k:eval1@baruel, mode:FULL, rate:0, size:19
2026-04-13 16:00:46, EXEC, v:1, k:eval1@baruel, mode:FULL, rate:0, size:17
2026-04-13 16:01:46, MOVE, v:1, k:eval1@baruel, mode:EDIT
2026-04-13 16:03:06, EXEC, v:1, k:eval1@baruel, mode:FULL, rate:0, size:18
2026-04-13 16:04:45, EXEC, v:1, k:eval1@baruel, mode:FULL, rate:0, size:18
2026-04-13 16:06:38, EXEC, v:1, k:eval1@baruel, mode:FULL, rate:0, size:18
2026-04-13 16:06:55, EXEC, v:1, k:eval1@baruel, mode:FULL, rate:0, size:18
2026-04-13 16:07:00, MOVE, v:1, k:eval1@baruel, mode:EDIT
2026-04-13 16:09:04, EXEC, v:1, k:eval1@baruel, mode:FULL, rate:0, size:20
2026-04-13 16:09:29, EXEC, v:1, k:eval1@baruel, mode:FULL, rate:0, size:20
2026-04-13 16:10:16, EXEC, v:1, k:eval1@baruel, mode:FULL, rate:0, size:20
2026-04-13 16:10:26, EXEC, v:1, k:eval1@baruel, mode:FULL, rate:0, size:20
2026-04-13 16:12:15, MOVE, v:1, k:eval1@baruel, mode:EDIT
2026-04-13 16:15:25, EXEC, v:1, k:eval1@baruel, mode:FULL, rate:0, size:33
2026-04-13 16:15:58, EXEC, v:1, k:eval1@baruel, mode:FULL, rate:0, size:34
2026-04-13 16:17:57, EXEC, v:1, k:eval1@baruel, mode:FULL, rate:0
2026-04-13 16:17:25, EXEC, v:1, k:eval1@baruel, mode:FULL, rate:0, size:35
2026-04-13 16:19:02, EXEC, v:1, k:eval1@baruel, mode:FULL, rate:0, size:36
2026-04-13 16:18:59, MOVE, v:1, k:eval1@baruel, mode:EDIT
2026-04-13 16:24:23, MOVE, v:1, k:eval1@baruel, mode:EDIT
2026-04-13 16:26:19, EXEC, v:1, k:eval1@baruel, mode:FULL, rate:0, size:46
2026-04-13 16:29:28, EXEC, v:1, k:eval1@baruel, mode:FULL, rate:0, size:48
2026-04-13 16:29:40, MOVE, v:1, k:eval1@baruel, mode:EDIT
2026-04-13 16:34:32, EXEC, v:1, k:eval1@baruel, mode:FULL, size:47, fail:COMP
2026-04-13 16:34:42, EXEC, v:1, k:eval1@baruel, mode:FULL, rate:0, size:47
2026-04-13 16:34:59, EXEC, v:1, k:eval1@baruel, mode:FULL, rate:0, size:47
2026-04-13 16:35:12, MOVE, v:1, k:eval1@baruel, mode:EDIT
2026-04-13 16:36:26, EXEC, v:1, k:eval1@baruel, mode:FULL, rate:0, size:48
2026-04-13 16:37:04, EXEC, v:1, k:eval1@baruel, mode:FULL, size:50, fail:COMP
2026-04-13 16:37:39, EXEC, v:1, k:eval1@baruel, mode:FULL, rate:0, size:50
2026-04-13 16:39:17, EXEC, v:1, k:eval1@baruel, mode:FULL, rate:0, size:57
2026-04-13 16:40:19, MOVE, v:1, k:eval1@baruel, mode:EDIT
2026-04-13 16:43:50, MOVE, v:1, k:eval1@baruel, mode:EDIT
