2026-03-23 16:09:39, MOVE, v:1, k:ed@apagando, mode:DOWN
2026-03-23 16:10:09, MOVE, v:1, k:ed@apagando, mode:PICK
2026-03-23 16:10:35, EXEC, v:1, k:ed@apagando, mode:FULL, size:5, fail:COMP
2026-03-23 16:16:59, EXEC, v:1, k:ed@apagando, mode:FULL, rate:0, size:17
2026-03-23 16:18:02, EXEC, v:1, k:ed@apagando, mode:FULL, rate:0, size:17
2026-03-23 16:24:01, EXEC, v:1, k:ed@apagando, mode:FULL, rate:0, size:28
2026-03-23 16:26:56, MOVE, v:1, k:ed@casais, mode:PICK
2026-03-23 16:28:14, MOVE, v:1, k:ed@casais, mode:BACK
2026-03-23 16:28:16, MOVE, v:1, k:ed@baruel, mode:PICK
2026-03-23 16:37:41, EXEC, v:1, k:ed@apagando, mode:FULL, rate:0, size:37
2026-03-23 16:39:53, EXEC, v:1, k:ed@apagando, mode:FULL, rate:0, size:37
2026-03-23 16:44:55, EXEC, v:1, k:ed@apagando, mode:FULL, size:37, fail:COMP
2026-03-23 16:45:38, EXEC, v:1, k:ed@apagando, mode:FULL, rate:0, size:37
2026-03-23 16:46:02, EXEC, v:1, k:ed@apagando, mode:FULL, rate:0, size:37
2026-03-23 16:48:29, EXEC, v:1, k:ed@apagando, mode:FULL, rate:0, size:37
2026-03-23 16:50:39, EXEC, v:1, k:ed@apagando, mode:FULL, rate:0, size:39
2026-03-23 16:54:14, EXEC, v:1, k:ed@apagando, mode:FULL, rate:0, size:45
2026-03-23 16:54:53, EXEC, v:1, k:ed@apagando, mode:FULL, rate:0, size:45
2026-03-23 16:56:47, EXEC, v:1, k:ed@apagando, mode:FULL, rate:0, size:45
2026-03-23 16:57:29, EXEC, v:1, k:ed@apagando, mode:FULL, rate:0, size:45
2026-03-23 16:59:15, EXEC, v:1, k:ed@apagando, mode:FULL, rate:0, size:45
2026-03-23 16:59:04, EXEC, v:1, k:ed@apagando, mode:FULL, rate:0, size:46
2026-03-23 16:59:55, EXEC, v:1, k:ed@apagando, mode:FULL, rate:0, size:46
2026-03-23 17:05:09, EXEC, v:1, k:ed@apagando, mode:FULL, rate:0, size:50
2026-03-23 17:05:21, EXEC, v:1, k:ed@apagando, mode:FULL, rate:0, size:50
2026-03-23 17:07:04, EXEC, v:1, k:ed@apagando, mode:FULL, rate:0, size:50
2026-03-23 19:54:59, EXEC, v:1, k:ed@apagando, mode:FULL, rate:0, size:29
2026-03-23 19:55:32, EXEC, v:1, k:ed@apagando, mode:FULL, rate:0, size:30
2026-03-23 20:00:39, MOVE, v:1, k:ed@apagando, mode:BACK
2026-03-23 20:00:45, MOVE, v:1, k:ed@apagando, mode:PICK
2026-03-23 20:01:39, EXEC, v:1, k:ed@apagando, mode:FULL, rate:0, size:50
2026-03-23 20:04:19, EXEC, v:1, k:ed@apagando, mode:FULL, rate:0, size:51
2026-03-23 20:05:08, EXEC, v:1, k:ed@apagando, mode:FULL, rate:0, size:52
2026-03-23 20:06:42, EXEC, v:1, k:ed@apagando, mode:FULL, rate:0, size:52
2026-03-23 20:07:20, EXEC, v:1, k:ed@apagando, mode:FULL, rate:0, size:52
2026-03-23 20:07:59, EXEC, v:1, k:ed@apagando, mode:FULL, rate:0, size:51
2026-03-23 20:08:27, EXEC, v:1, k:ed@apagando, mode:FULL, rate:0, size:51
2026-03-23 20:09:24, EXEC, v:1, k:ed@apagando, mode:FULL, rate:0, size:53
2026-03-23 20:09:39, EXEC, v:1, k:ed@apagando, mode:FULL, rate:0, size:53
2026-03-23 20:10:21, EXEC, v:1, k:ed@apagando, mode:FULL, rate:0, size:58
2026-03-23 20:10:41, EXEC, v:1, k:ed@apagando, mode:FULL, rate:0, size:58
2026-03-23 20:11:08, EXEC, v:1, k:ed@apagando, mode:FULL, rate:0, size:58
2026-03-23 20:11:32, EXEC, v:1, k:ed@apagando, mode:FULL, rate:0, size:58
2026-03-23 20:11:53, EXEC, v:1, k:ed@apagando, mode:FULL, rate:0, size:55
2026-03-23 20:12:23, EXEC, v:1, k:ed@apagando, mode:FULL, rate:0, size:53
2026-03-23 20:12:38, EXEC, v:1, k:ed@apagando, mode:FULL, rate:100, size:53
2026-03-23 20:12:41, MOVE, v:1, k:ed@apagando, mode:BACK
2026-03-23 20:13:10, SELF, v:1, k:ed@apagando, self:1, rate:100, study:40, concept:1
