2026-04-02 09:19:59, SELF, v:1, k:ed@analise, self:1, study:50
2026-04-02 09:24:17, MOVE, v:1, k:ed@rotacoes, mode:DOWN
2026-04-02 14:46:15, MOVE, v:1, k:ed@especiais, mode:DOWN
2026-04-02 14:46:18, MOVE, v:1, k:ed@especiais, mode:PICK
2026-04-02 14:47:19, MOVE, v:1, k:ed@especiais, mode:BACK
2026-04-02 14:48:16, MOVE, v:1, k:ed@especiais, mode:PICK
2026-04-02 14:48:22, EXEC, v:1, k:ed@especiais, mode:FREE, size:132
2026-04-02 14:49:07, MOVE, v:1, k:ed@especiais, mode:BACK
2026-04-02 14:50:13, MOVE, v:1, k:ed@especiais, mode:PICK
2026-04-02 14:50:15, EXEC, v:1, k:ed@especiais, mode:FULL, rate:0
2026-04-02 15:22:18, MOVE, v:1, k:ed@especiais, mode:BACK
2026-04-02 15:32:31, MOVE, v:1, k:ed@especiais, mode:PICK
2026-04-02 15:32:33, EXEC, v:1, k:ed@especiais, mode:FULL, size:151, fail:COMP
2026-04-02 15:32:55, EXEC, v:1, k:ed@especiais, mode:FULL, rate:0, size:153
2026-04-02 15:53:32, EXEC, v:1, k:ed@especiais, mode:FULL, rate:0, size:155
2026-04-02 15:53:55, EXEC, v:1, k:ed@especiais, mode:FULL, rate:0, size:155
2026-04-02 15:54:13, EXEC, v:1, k:ed@especiais, mode:FULL, rate:0, size:155
2026-04-02 15:55:38, EXEC, v:1, k:ed@especiais, mode:FULL, rate:0, size:155
2026-04-02 15:56:05, EXEC, v:1, k:ed@especiais, mode:FULL, rate:0, size:155
2026-04-02 15:57:46, EXEC, v:1, k:ed@especiais, mode:FULL, rate:0, size:155
2026-04-02 16:04:18, EXEC, v:1, k:ed@especiais, mode:FULL, rate:12, size:161
2026-04-02 16:04:23, MOVE, v:1, k:ed@especiais, mode:BACK
2026-04-02 16:04:48, MOVE, v:1, k:ed@especiais, mode:PICK
2026-04-02 16:04:49, EXEC, v:1, k:ed@especiais, mode:FULL, rate:12
2026-04-02 16:08:41, EXEC, v:1, k:ed@especiais, mode:FULL, rate:12, size:172
2026-04-02 16:12:55, EXEC, v:1, k:ed@especiais, mode:FULL, rate:12, size:177
2026-04-02 16:14:26, EXEC, v:1, k:ed@especiais, mode:FULL, rate:12, size:180
2026-04-02 16:15:13, EXEC, v:1, k:ed@especiais, mode:FULL, rate:12, size:180
2026-04-02 16:18:50, EXEC, v:1, k:ed@especiais, mode:FULL, rate:12, size:180
2026-04-02 16:19:52, EXEC, v:1, k:ed@especiais, mode:FULL, rate:12, size:181
2026-04-02 16:26:40, EXEC, v:1, k:ed@especiais, mode:FULL, rate:12, size:206
2026-04-02 16:27:52, EXEC, v:1, k:ed@especiais, mode:FULL, rate:12, size:212
2026-04-02 16:29:40, MOVE, v:1, k:ed@especiais, mode:BACK
2026-04-02 16:29:48, MOVE, v:1, k:ed@especiais, mode:PICK
2026-04-02 16:29:49, EXEC, v:1, k:ed@especiais, mode:FULL, rate:12
2026-04-02 16:29:18, EXEC, v:1, k:ed@especiais, mode:FULL, rate:25, size:190
2026-04-02 16:29:18, EXEC, v:1, k:ed@especiais, mode:FULL, rate:25
2026-04-02 16:29:23, MOVE, v:1, k:ed@especiais, mode:BACK
2026-04-02 16:30:40, MOVE, v:1, k:ed@especiais, mode:PICK
2026-04-02 16:30:41, EXEC, v:1, k:ed@especiais, mode:FULL, rate:12, size:181
2026-04-02 16:31:07, EXEC, v:1, k:ed@especiais, mode:FULL, rate:25, size:190
2026-04-02 16:31:16, MOVE, v:1, k:ed@especiais, mode:BACK
